[debug] [2023-02-13T17:54:05.268Z] ----------------------------------------------------------------------
[debug] [2023-02-13T17:54:05.270Z] Command:       /usr/local/bin/firebase /home/ed/.cache/firebase/tools/lib/node_modules/firebase-tools/lib/bin/firebase init
[debug] [2023-02-13T17:54:05.270Z] CLI Version:   11.1.0
[debug] [2023-02-13T17:54:05.270Z] Platform:      linux
[debug] [2023-02-13T17:54:05.270Z] Node Version:  v16.15.0
[debug] [2023-02-13T17:54:05.271Z] Time:          Mon Feb 13 2023 12:54:05 GMT-0500 (Eastern Standard Time)
[debug] [2023-02-13T17:54:05.271Z] ----------------------------------------------------------------------
[debug] 
[debug] [2023-02-13T17:54:05.273Z] >>> [apiv2][query] GET https://firebase-public.firebaseio.com/cli.json [none]
[debug] [2023-02-13T17:54:05.287Z] > command requires scopes: ["email","openid","https://www.googleapis.com/auth/cloudplatformprojects.readonly","https://www.googleapis.com/auth/firebase","https://www.googleapis.com/auth/cloud-platform"]
[debug] [2023-02-13T17:54:05.288Z] > authorizing via signed-in user (ed@oconnor.app)
[info] 
     ######## #### ########  ######## ########     ###     ######  ########
     ##        ##  ##     ## ##       ##     ##  ##   ##  ##       ##
     ######    ##  ########  ######   ########  #########  ######  ######
     ##        ##  ##    ##  ##       ##     ## ##     ##       ## ##
     ##       #### ##     ## ######## ########  ##     ##  ######  ########

You're about to initialize a Firebase project in this directory:

  /home/ed/portfolio

[debug] [2023-02-13T17:54:05.453Z] <<< [apiv2][status] GET https://firebase-public.firebaseio.com/cli.json 200
[debug] [2023-02-13T17:54:05.453Z] <<< [apiv2][body] GET https://firebase-public.firebaseio.com/cli.json {"cloudBuildErrorAfter":1594252800000,"cloudBuildWarnAfter":1590019200000,"defaultNode10After":1594252800000,"minVersion":"3.0.5","node8DeploysDisabledAfter":1613390400000,"node8RuntimeDisabledAfter":1615809600000,"node8WarnAfter":1600128000000}
